2022-06-13 14:07:26.545 INFO  com.newdemoone.demoone.config.DemonApplication    :55   [32m                  [0;39m Starting DemonApplication using Java 1.8.0_311 on 戴朝明 with PID 2736 (D:\demoone\target\classes started by xmcb0 in D:\demoone)
2022-06-13 14:07:26.553 INFO  com.newdemoone.demoone.config.DemonApplication    :640  [32m                  [0;39m No active profile set, falling back to 1 default profile: "default"
2022-06-13 14:07:26.581 INFO  o.s.b.d.env.DevToolsPropertyDefaultsPostProcessor :255  [32m                  [0;39m Devtools property defaults active! Set 'spring.devtools.add-properties' to 'false' to disable
2022-06-13 14:07:26.581 INFO  o.s.b.d.env.DevToolsPropertyDefaultsPostProcessor :255  [32m                  [0;39m For additional web related logging consider setting the 'logging.level.web' property to 'DEBUG'
2022-06-13 14:07:27.292 INFO  o.s.boot.web.embedded.tomcat.TomcatWebServer      :108  [32m                  [0;39m Tomcat initialized with port(s): 8088 (http)
2022-06-13 14:07:27.292 INFO  org.apache.coyote.http11.Http11NioProtocol        :173  [32m                  [0;39m Initializing ProtocolHandler ["http-nio-8088"]
2022-06-13 14:07:27.292 INFO  org.apache.catalina.core.StandardService          :173  [32m                  [0;39m Starting service [Tomcat]
2022-06-13 14:07:27.292 INFO  org.apache.catalina.core.StandardEngine           :173  [32m                  [0;39m Starting Servlet engine: [Apache Tomcat/9.0.62]
2022-06-13 14:07:27.323 INFO  o.a.c.core.ContainerBase.[Tomcat].[localhost].[/] :173  [32m                  [0;39m Initializing Spring embedded WebApplicationContext
2022-06-13 14:07:27.323 INFO  o.s.b.w.s.c.ServletWebServerApplicationContext    :290  [32m                  [0;39m Root WebApplicationContext: initialization completed in 742 ms
2022-06-13 14:07:27.745 INFO  o.s.b.d.autoconfigure.OptionalLiveReloadServer    :58   [32m                  [0;39m LiveReload server is running on port 35729
2022-06-13 14:07:27.761 INFO  org.apache.coyote.http11.Http11NioProtocol        :173  [32m                  [0;39m Starting ProtocolHandler ["http-nio-8088"]
2022-06-13 14:07:27.767 INFO  o.s.boot.web.embedded.tomcat.TomcatWebServer      :220  [32m                  [0;39m Tomcat started on port(s): 8088 (http) with context path ''
2022-06-13 14:07:27.777 INFO  com.newdemoone.demoone.config.DemonApplication    :61   [32m                  [0;39m Started DemonApplication in 1.571 seconds (JVM running for 2.107)
2022-06-13 14:07:27.777 INFO  com.newdemoone.demoone.config.DemonApplication    :24   [32m                  [0;39m 启动成功！！
2022-06-13 14:07:27.777 INFO  com.newdemoone.demoone.config.DemonApplication    :25   [32m                  [0;39m 地址：	https://127.0.0:8088
2022-06-13 14:07:37.999 INFO  o.a.c.core.ContainerBase.[Tomcat].[localhost].[/] :173  [32m                  [0;39m Initializing Spring DispatcherServlet 'dispatcherServlet'
2022-06-13 14:07:37.999 INFO  org.springframework.web.servlet.DispatcherServlet :525  [32m                  [0;39m Initializing Servlet 'dispatcherServlet'
2022-06-13 14:07:37.999 INFO  org.springframework.web.servlet.DispatcherServlet :547  [32m                  [0;39m Completed initialization in 0 ms
2022-06-13 14:07:38.048 INFO  com.zaxxer.hikari.HikariDataSource                :110  [32m                  [0;39m HikariPool-1 - Starting...
2022-06-13 14:07:38.287 INFO  com.zaxxer.hikari.HikariDataSource                :123  [32m                  [0;39m HikariPool-1 - Start completed.
2022-06-13 14:11:18.360 INFO  com.zaxxer.hikari.HikariDataSource                :350  [32m                  [0;39m HikariPool-1 - Shutdown initiated...
2022-06-13 14:11:18.369 INFO  com.zaxxer.hikari.HikariDataSource                :352  [32m                  [0;39m HikariPool-1 - Shutdown completed.
2022-06-13 14:11:18.456 INFO  com.newdemoone.demoone.config.DemonApplication    :55   [32m                  [0;39m Starting DemonApplication using Java 1.8.0_311 on 戴朝明 with PID 2736 (D:\demoone\target\classes started by xmcb0 in D:\demoone)
2022-06-13 14:11:18.456 INFO  com.newdemoone.demoone.config.DemonApplication    :640  [32m                  [0;39m No active profile set, falling back to 1 default profile: "default"
2022-06-13 14:11:18.584 INFO  o.s.boot.web.embedded.tomcat.TomcatWebServer      :108  [32m                  [0;39m Tomcat initialized with port(s): 8088 (http)
2022-06-13 14:11:18.584 INFO  org.apache.coyote.http11.Http11NioProtocol        :173  [32m                  [0;39m Initializing ProtocolHandler ["http-nio-8088"]
2022-06-13 14:11:18.584 INFO  org.apache.catalina.core.StandardService          :173  [32m                  [0;39m Starting service [Tomcat]
2022-06-13 14:11:18.584 INFO  org.apache.catalina.core.StandardEngine           :173  [32m                  [0;39m Starting Servlet engine: [Apache Tomcat/9.0.62]
2022-06-13 14:11:18.585 INFO  o.a.c.core.ContainerBase.[Tomcat].[localhost].[/] :173  [32m                  [0;39m Initializing Spring embedded WebApplicationContext
2022-06-13 14:11:18.585 INFO  o.s.b.w.s.c.ServletWebServerApplicationContext    :290  [32m                  [0;39m Root WebApplicationContext: initialization completed in 116 ms
2022-06-13 14:11:18.669 INFO  o.s.b.d.autoconfigure.OptionalLiveReloadServer    :58   [32m                  [0;39m LiveReload server is running on port 35729
2022-06-13 14:11:18.669 INFO  org.apache.coyote.http11.Http11NioProtocol        :173  [32m                  [0;39m Starting ProtocolHandler ["http-nio-8088"]
2022-06-13 14:11:18.669 INFO  o.s.boot.web.embedded.tomcat.TomcatWebServer      :220  [32m                  [0;39m Tomcat started on port(s): 8088 (http) with context path ''
2022-06-13 14:11:18.669 INFO  com.newdemoone.demoone.config.DemonApplication    :61   [32m                  [0;39m Started DemonApplication in 0.228 seconds (JVM running for 233.007)
2022-06-13 14:11:18.669 INFO  o.s.b.d.a.ConditionEvaluationDeltaLoggingListener :63   [32m                  [0;39m Condition evaluation unchanged
2022-06-13 14:11:18.669 INFO  com.newdemoone.demoone.config.DemonApplication    :24   [32m                  [0;39m 启动成功！！
2022-06-13 14:11:18.680 INFO  com.newdemoone.demoone.config.DemonApplication    :25   [32m                  [0;39m 地址：	https://127.0.0:8088
2022-06-13 14:11:23.058 INFO  o.a.c.core.ContainerBase.[Tomcat].[localhost].[/] :173  [32m                  [0;39m Initializing Spring DispatcherServlet 'dispatcherServlet'
2022-06-13 14:11:23.058 INFO  org.springframework.web.servlet.DispatcherServlet :525  [32m                  [0;39m Initializing Servlet 'dispatcherServlet'
2022-06-13 14:11:23.058 INFO  org.springframework.web.servlet.DispatcherServlet :547  [32m                  [0;39m Completed initialization in 0 ms
2022-06-13 14:11:23.073 INFO  com.zaxxer.hikari.HikariDataSource                :110  [32m                  [0;39m HikariPool-2 - Starting...
2022-06-13 14:11:23.250 INFO  com.zaxxer.hikari.HikariDataSource                :123  [32m                  [0;39m HikariPool-2 - Start completed.
2022-06-13 14:15:57.889 INFO  com.zaxxer.hikari.HikariDataSource                :350  [32m                  [0;39m HikariPool-2 - Shutdown initiated...
2022-06-13 14:15:57.889 INFO  com.zaxxer.hikari.HikariDataSource                :352  [32m                  [0;39m HikariPool-2 - Shutdown completed.
2022-06-13 14:15:57.987 INFO  com.newdemoone.demoone.config.DemonApplication    :55   [32m                  [0;39m Starting DemonApplication using Java 1.8.0_311 on 戴朝明 with PID 2736 (D:\demoone\target\classes started by xmcb0 in D:\demoone)
2022-06-13 14:15:57.987 INFO  com.newdemoone.demoone.config.DemonApplication    :640  [32m                  [0;39m No active profile set, falling back to 1 default profile: "default"
2022-06-13 14:15:58.098 INFO  o.s.boot.web.embedded.tomcat.TomcatWebServer      :108  [32m                  [0;39m Tomcat initialized with port(s): 8088 (http)
2022-06-13 14:15:58.098 INFO  org.apache.coyote.http11.Http11NioProtocol        :173  [32m                  [0;39m Initializing ProtocolHandler ["http-nio-8088"]
2022-06-13 14:15:58.098 INFO  org.apache.catalina.core.StandardService          :173  [32m                  [0;39m Starting service [Tomcat]
2022-06-13 14:15:58.098 INFO  org.apache.catalina.core.StandardEngine           :173  [32m                  [0;39m Starting Servlet engine: [Apache Tomcat/9.0.62]
2022-06-13 14:15:58.114 INFO  o.a.c.core.ContainerBase.[Tomcat].[localhost].[/] :173  [32m                  [0;39m Initializing Spring embedded WebApplicationContext
2022-06-13 14:15:58.114 INFO  o.s.b.w.s.c.ServletWebServerApplicationContext    :290  [32m                  [0;39m Root WebApplicationContext: initialization completed in 127 ms
2022-06-13 14:15:58.193 INFO  o.s.b.d.autoconfigure.OptionalLiveReloadServer    :58   [32m                  [0;39m LiveReload server is running on port 35729
2022-06-13 14:15:58.193 INFO  org.apache.coyote.http11.Http11NioProtocol        :173  [32m                  [0;39m Starting ProtocolHandler ["http-nio-8088"]
2022-06-13 14:15:58.193 INFO  o.s.boot.web.embedded.tomcat.TomcatWebServer      :220  [32m                  [0;39m Tomcat started on port(s): 8088 (http) with context path ''
2022-06-13 14:15:58.193 INFO  com.newdemoone.demoone.config.DemonApplication    :61   [32m                  [0;39m Started DemonApplication in 0.226 seconds (JVM running for 512.532)
2022-06-13 14:15:58.193 INFO  o.s.b.d.a.ConditionEvaluationDeltaLoggingListener :63   [32m                  [0;39m Condition evaluation unchanged
2022-06-13 14:15:58.193 INFO  com.newdemoone.demoone.config.DemonApplication    :24   [32m                  [0;39m 启动成功！！
2022-06-13 14:15:58.193 INFO  com.newdemoone.demoone.config.DemonApplication    :25   [32m                  [0;39m 地址：	https://127.0.0:8088
2022-06-13 14:16:04.779 INFO  o.a.c.core.ContainerBase.[Tomcat].[localhost].[/] :173  [32m                  [0;39m Initializing Spring DispatcherServlet 'dispatcherServlet'
2022-06-13 14:16:04.779 INFO  org.springframework.web.servlet.DispatcherServlet :525  [32m                  [0;39m Initializing Servlet 'dispatcherServlet'
2022-06-13 14:16:04.779 INFO  org.springframework.web.servlet.DispatcherServlet :547  [32m                  [0;39m Completed initialization in 0 ms
2022-06-13 14:16:04.795 INFO  com.zaxxer.hikari.HikariDataSource                :110  [32m                  [0;39m HikariPool-3 - Starting...
2022-06-13 14:16:04.913 INFO  com.zaxxer.hikari.HikariDataSource                :123  [32m                  [0;39m HikariPool-3 - Start completed.
2022-06-13 14:16:24.100 INFO  com.zaxxer.hikari.HikariDataSource                :350  [32m                  [0;39m HikariPool-3 - Shutdown initiated...
2022-06-13 14:16:24.116 INFO  com.zaxxer.hikari.HikariDataSource                :352  [32m                  [0;39m HikariPool-3 - Shutdown completed.
2022-06-13 14:16:24.197 INFO  com.newdemoone.demoone.config.DemonApplication    :55   [32m                  [0;39m Starting DemonApplication using Java 1.8.0_311 on 戴朝明 with PID 2736 (D:\demoone\target\classes started by xmcb0 in D:\demoone)
2022-06-13 14:16:24.197 INFO  com.newdemoone.demoone.config.DemonApplication    :640  [32m                  [0;39m No active profile set, falling back to 1 default profile: "default"
2022-06-13 14:16:24.293 INFO  o.s.boot.web.embedded.tomcat.TomcatWebServer      :108  [32m                  [0;39m Tomcat initialized with port(s): 8088 (http)
2022-06-13 14:16:24.293 INFO  org.apache.coyote.http11.Http11NioProtocol        :173  [32m                  [0;39m Initializing ProtocolHandler ["http-nio-8088"]
2022-06-13 14:16:24.293 INFO  org.apache.catalina.core.StandardService          :173  [32m                  [0;39m Starting service [Tomcat]
2022-06-13 14:16:24.293 INFO  org.apache.catalina.core.StandardEngine           :173  [32m                  [0;39m Starting Servlet engine: [Apache Tomcat/9.0.62]
2022-06-13 14:16:24.293 INFO  o.a.c.core.ContainerBase.[Tomcat].[localhost].[/] :173  [32m                  [0;39m Initializing Spring embedded WebApplicationContext
2022-06-13 14:16:24.293 INFO  o.s.b.w.s.c.ServletWebServerApplicationContext    :290  [32m                  [0;39m Root WebApplicationContext: initialization completed in 96 ms
2022-06-13 14:16:24.374 INFO  o.s.b.d.autoconfigure.OptionalLiveReloadServer    :58   [32m                  [0;39m LiveReload server is running on port 35729
2022-06-13 14:16:24.374 INFO  org.apache.coyote.http11.Http11NioProtocol        :173  [32m                  [0;39m Starting ProtocolHandler ["http-nio-8088"]
2022-06-13 14:16:24.374 INFO  o.s.boot.web.embedded.tomcat.TomcatWebServer      :220  [32m                  [0;39m Tomcat started on port(s): 8088 (http) with context path ''
2022-06-13 14:16:24.374 INFO  com.newdemoone.demoone.config.DemonApplication    :61   [32m                  [0;39m Started DemonApplication in 0.188 seconds (JVM running for 538.71)
2022-06-13 14:16:24.374 INFO  o.s.b.d.a.ConditionEvaluationDeltaLoggingListener :63   [32m                  [0;39m Condition evaluation unchanged
2022-06-13 14:16:24.374 INFO  com.newdemoone.demoone.config.DemonApplication    :24   [32m                  [0;39m 启动成功！！
2022-06-13 14:16:24.374 INFO  com.newdemoone.demoone.config.DemonApplication    :25   [32m                  [0;39m 地址：	https://127.0.0:8088
2022-06-13 14:16:25.937 INFO  com.newdemoone.demoone.config.DemonApplication    :55   [32m                  [0;39m Starting DemonApplication using Java 1.8.0_311 on 戴朝明 with PID 2736 (D:\demoone\target\classes started by xmcb0 in D:\demoone)
2022-06-13 14:16:25.937 INFO  com.newdemoone.demoone.config.DemonApplication    :640  [32m                  [0;39m No active profile set, falling back to 1 default profile: "default"
2022-06-13 14:16:26.016 INFO  o.s.boot.web.embedded.tomcat.TomcatWebServer      :108  [32m                  [0;39m Tomcat initialized with port(s): 8088 (http)
2022-06-13 14:16:26.016 INFO  org.apache.coyote.http11.Http11NioProtocol        :173  [32m                  [0;39m Initializing ProtocolHandler ["http-nio-8088"]
2022-06-13 14:16:26.016 INFO  org.apache.catalina.core.StandardService          :173  [32m                  [0;39m Starting service [Tomcat]
2022-06-13 14:16:26.016 INFO  org.apache.catalina.core.StandardEngine           :173  [32m                  [0;39m Starting Servlet engine: [Apache Tomcat/9.0.62]
2022-06-13 14:16:26.024 INFO  o.a.c.core.ContainerBase.[Tomcat].[localhost].[/] :173  [32m                  [0;39m Initializing Spring embedded WebApplicationContext
2022-06-13 14:16:26.024 INFO  o.s.b.w.s.c.ServletWebServerApplicationContext    :290  [32m                  [0;39m Root WebApplicationContext: initialization completed in 87 ms
2022-06-13 14:16:26.088 INFO  o.s.b.d.autoconfigure.OptionalLiveReloadServer    :58   [32m                  [0;39m LiveReload server is running on port 35729
2022-06-13 14:16:26.088 INFO  org.apache.coyote.http11.Http11NioProtocol        :173  [32m                  [0;39m Starting ProtocolHandler ["http-nio-8088"]
2022-06-13 14:16:26.088 INFO  o.s.boot.web.embedded.tomcat.TomcatWebServer      :220  [32m                  [0;39m Tomcat started on port(s): 8088 (http) with context path ''
2022-06-13 14:16:26.088 INFO  com.newdemoone.demoone.config.DemonApplication    :61   [32m                  [0;39m Started DemonApplication in 0.172 seconds (JVM running for 540.427)
2022-06-13 14:16:26.088 INFO  o.s.b.d.a.ConditionEvaluationDeltaLoggingListener :63   [32m                  [0;39m Condition evaluation unchanged
2022-06-13 14:16:26.088 INFO  com.newdemoone.demoone.config.DemonApplication    :24   [32m                  [0;39m 启动成功！！
2022-06-13 14:16:26.088 INFO  com.newdemoone.demoone.config.DemonApplication    :25   [32m                  [0;39m 地址：	https://127.0.0:8088
2022-06-13 14:16:28.874 INFO  o.a.c.core.ContainerBase.[Tomcat].[localhost].[/] :173  [32m                  [0;39m Initializing Spring DispatcherServlet 'dispatcherServlet'
2022-06-13 14:16:28.874 INFO  org.springframework.web.servlet.DispatcherServlet :525  [32m                  [0;39m Initializing Servlet 'dispatcherServlet'
2022-06-13 14:16:28.874 INFO  org.springframework.web.servlet.DispatcherServlet :547  [32m                  [0;39m Completed initialization in 0 ms
2022-06-13 14:16:28.890 INFO  com.zaxxer.hikari.HikariDataSource                :110  [32m                  [0;39m HikariPool-4 - Starting...
2022-06-13 14:16:29.001 INFO  com.zaxxer.hikari.HikariDataSource                :123  [32m                  [0;39m HikariPool-4 - Start completed.
2022-06-13 14:36:19.536 INFO  com.zaxxer.hikari.HikariDataSource                :350  [32m                  [0;39m HikariPool-4 - Shutdown initiated...
2022-06-13 14:36:19.536 INFO  com.zaxxer.hikari.HikariDataSource                :352  [32m                  [0;39m HikariPool-4 - Shutdown completed.
2022-06-13 14:36:19.608 INFO  com.newdemoone.demoone.config.DemonApplication    :55   [32m                  [0;39m Starting DemonApplication using Java 1.8.0_311 on 戴朝明 with PID 2736 (D:\demoone\target\classes started by xmcb0 in D:\demoone)
2022-06-13 14:36:19.608 INFO  com.newdemoone.demoone.config.DemonApplication    :640  [32m                  [0;39m No active profile set, falling back to 1 default profile: "default"
2022-06-13 14:36:19.704 INFO  o.s.boot.web.embedded.tomcat.TomcatWebServer      :108  [32m                  [0;39m Tomcat initialized with port(s): 8088 (http)
2022-06-13 14:36:19.704 INFO  org.apache.coyote.http11.Http11NioProtocol        :173  [32m                  [0;39m Initializing ProtocolHandler ["http-nio-8088"]
2022-06-13 14:36:19.704 INFO  org.apache.catalina.core.StandardService          :173  [32m                  [0;39m Starting service [Tomcat]
2022-06-13 14:36:19.704 INFO  org.apache.catalina.core.StandardEngine           :173  [32m                  [0;39m Starting Servlet engine: [Apache Tomcat/9.0.62]
2022-06-13 14:36:19.720 INFO  o.a.c.core.ContainerBase.[Tomcat].[localhost].[/] :173  [32m                  [0;39m Initializing Spring embedded WebApplicationContext
2022-06-13 14:36:19.720 INFO  o.s.b.w.s.c.ServletWebServerApplicationContext    :290  [32m                  [0;39m Root WebApplicationContext: initialization completed in 112 ms
2022-06-13 14:36:19.784 INFO  o.s.b.d.autoconfigure.OptionalLiveReloadServer    :58   [32m                  [0;39m LiveReload server is running on port 35729
2022-06-13 14:36:19.784 INFO  org.apache.coyote.http11.Http11NioProtocol        :173  [32m                  [0;39m Starting ProtocolHandler ["http-nio-8088"]
2022-06-13 14:36:19.784 INFO  o.s.boot.web.embedded.tomcat.TomcatWebServer      :220  [32m                  [0;39m Tomcat started on port(s): 8088 (http) with context path ''
2022-06-13 14:36:19.784 INFO  com.newdemoone.demoone.config.DemonApplication    :61   [32m                  [0;39m Started DemonApplication in 0.193 seconds (JVM running for 1734.119)
2022-06-13 14:36:19.784 INFO  o.s.b.d.a.ConditionEvaluationDeltaLoggingListener :63   [32m                  [0;39m Condition evaluation unchanged
2022-06-13 14:36:19.784 INFO  com.newdemoone.demoone.config.DemonApplication    :24   [32m                  [0;39m 启动成功！！
2022-06-13 14:36:19.784 INFO  com.newdemoone.demoone.config.DemonApplication    :25   [32m                  [0;39m 地址：	https://127.0.0:8088
2022-06-13 14:36:24.474 INFO  o.a.c.core.ContainerBase.[Tomcat].[localhost].[/] :173  [32m                  [0;39m Initializing Spring DispatcherServlet 'dispatcherServlet'
2022-06-13 14:36:24.474 INFO  org.springframework.web.servlet.DispatcherServlet :525  [32m                  [0;39m Initializing Servlet 'dispatcherServlet'
2022-06-13 14:36:24.474 INFO  org.springframework.web.servlet.DispatcherServlet :547  [32m                  [0;39m Completed initialization in 0 ms
2022-06-13 14:36:24.489 INFO  com.zaxxer.hikari.HikariDataSource                :110  [32m                  [0;39m HikariPool-5 - Starting...
2022-06-13 14:36:24.649 INFO  com.zaxxer.hikari.HikariDataSource                :123  [32m                  [0;39m HikariPool-5 - Start completed.
2022-06-13 15:24:09.911 INFO  com.zaxxer.hikari.HikariDataSource                :350  [32m                  [0;39m HikariPool-5 - Shutdown initiated...
2022-06-13 15:24:09.911 INFO  com.zaxxer.hikari.HikariDataSource                :352  [32m                  [0;39m HikariPool-5 - Shutdown completed.
2022-06-13 16:22:53.092 INFO  com.newdemoone.demoone.config.DemonApplication    :55   [32m                  [0;39m Starting DemonApplication using Java 1.8.0_311 on 戴朝明 with PID 2112 (D:\demoone\target\classes started by xmcb0 in D:\demoone)
2022-06-13 16:22:53.092 INFO  com.newdemoone.demoone.config.DemonApplication    :640  [32m                  [0;39m No active profile set, falling back to 1 default profile: "default"
2022-06-13 16:22:53.139 INFO  o.s.b.d.env.DevToolsPropertyDefaultsPostProcessor :255  [32m                  [0;39m Devtools property defaults active! Set 'spring.devtools.add-properties' to 'false' to disable
2022-06-13 16:22:53.139 INFO  o.s.b.d.env.DevToolsPropertyDefaultsPostProcessor :255  [32m                  [0;39m For additional web related logging consider setting the 'logging.level.web' property to 'DEBUG'
2022-06-13 16:22:53.794 INFO  o.s.boot.web.embedded.tomcat.TomcatWebServer      :108  [32m                  [0;39m Tomcat initialized with port(s): 8088 (http)
2022-06-13 16:22:53.795 INFO  org.apache.coyote.http11.Http11NioProtocol        :173  [32m                  [0;39m Initializing ProtocolHandler ["http-nio-8088"]
2022-06-13 16:22:53.795 INFO  org.apache.catalina.core.StandardService          :173  [32m                  [0;39m Starting service [Tomcat]
2022-06-13 16:22:53.795 INFO  org.apache.catalina.core.StandardEngine           :173  [32m                  [0;39m Starting Servlet engine: [Apache Tomcat/9.0.62]
2022-06-13 16:22:53.826 INFO  o.a.c.core.ContainerBase.[Tomcat].[localhost].[/] :173  [32m                  [0;39m Initializing Spring embedded WebApplicationContext
2022-06-13 16:22:53.826 INFO  o.s.b.w.s.c.ServletWebServerApplicationContext    :290  [32m                  [0;39m Root WebApplicationContext: initialization completed in 687 ms
2022-06-13 16:22:54.179 INFO  o.s.b.d.autoconfigure.OptionalLiveReloadServer    :58   [32m                  [0;39m LiveReload server is running on port 35729
2022-06-13 16:22:54.188 INFO  org.apache.coyote.http11.Http11NioProtocol        :173  [32m                  [0;39m Starting ProtocolHandler ["http-nio-8088"]
2022-06-13 16:22:54.206 INFO  o.s.boot.web.embedded.tomcat.TomcatWebServer      :220  [32m                  [0;39m Tomcat started on port(s): 8088 (http) with context path ''
2022-06-13 16:22:54.206 INFO  com.newdemoone.demoone.config.DemonApplication    :61   [32m                  [0;39m Started DemonApplication in 1.387 seconds (JVM running for 1.92)
2022-06-13 16:22:54.206 INFO  com.newdemoone.demoone.config.DemonApplication    :24   [32m                  [0;39m 启动成功！！
2022-06-13 16:22:54.206 INFO  com.newdemoone.demoone.config.DemonApplication    :25   [32m                  [0;39m 地址：	https://127.0.0:8088
2022-06-13 16:23:00.589 INFO  o.a.c.core.ContainerBase.[Tomcat].[localhost].[/] :173  [32m                  [0;39m Initializing Spring DispatcherServlet 'dispatcherServlet'
2022-06-13 16:23:00.589 INFO  org.springframework.web.servlet.DispatcherServlet :525  [32m                  [0;39m Initializing Servlet 'dispatcherServlet'
2022-06-13 16:23:00.589 INFO  org.springframework.web.servlet.DispatcherServlet :547  [32m                  [0;39m Completed initialization in 0 ms
2022-06-13 16:23:00.627 INFO  com.zaxxer.hikari.HikariDataSource                :110  [32m                  [0;39m HikariPool-1 - Starting...
2022-06-13 16:23:00.866 INFO  com.zaxxer.hikari.HikariDataSource                :123  [32m                  [0;39m HikariPool-1 - Start completed.
2022-06-13 16:23:11.345 INFO  com.zaxxer.hikari.HikariDataSource                :350  [32m                  [0;39m HikariPool-1 - Shutdown initiated...
2022-06-13 16:23:11.361 INFO  com.zaxxer.hikari.HikariDataSource                :352  [32m                  [0;39m HikariPool-1 - Shutdown completed.
