2022-06-10 11:44:21.881 INFO  com.newdemoone.demoone.config.DemonApplication    :55   [32m                  [0;39m Starting DemonApplication using Java 1.8.0_311 on 戴朝明 with PID 15276 (D:\demoone\target\classes started by xmcb0 in D:\demoone)
2022-06-10 11:44:21.881 INFO  com.newdemoone.demoone.config.DemonApplication    :640  [32m                  [0;39m No active profile set, falling back to 1 default profile: "default"
2022-06-10 11:44:21.918 INFO  o.s.b.d.env.DevToolsPropertyDefaultsPostProcessor :255  [32m                  [0;39m Devtools property defaults active! Set 'spring.devtools.add-properties' to 'false' to disable
2022-06-10 11:44:21.918 INFO  o.s.b.d.env.DevToolsPropertyDefaultsPostProcessor :255  [32m                  [0;39m For additional web related logging consider setting the 'logging.level.web' property to 'DEBUG'
2022-06-10 11:44:22.549 INFO  o.s.boot.web.embedded.tomcat.TomcatWebServer      :108  [32m                  [0;39m Tomcat initialized with port(s): 8088 (http)
2022-06-10 11:44:22.549 INFO  org.apache.coyote.http11.Http11NioProtocol        :173  [32m                  [0;39m Initializing ProtocolHandler ["http-nio-8088"]
2022-06-10 11:44:22.549 INFO  org.apache.catalina.core.StandardService          :173  [32m                  [0;39m Starting service [Tomcat]
2022-06-10 11:44:22.549 INFO  org.apache.catalina.core.StandardEngine           :173  [32m                  [0;39m Starting Servlet engine: [Apache Tomcat/9.0.62]
2022-06-10 11:44:22.597 INFO  o.a.c.core.ContainerBase.[Tomcat].[localhost].[/] :173  [32m                  [0;39m Initializing Spring embedded WebApplicationContext
2022-06-10 11:44:22.598 INFO  o.s.b.w.s.c.ServletWebServerApplicationContext    :290  [32m                  [0;39m Root WebApplicationContext: initialization completed in 680 ms
2022-06-10 11:44:22.988 INFO  o.s.b.d.autoconfigure.OptionalLiveReloadServer    :58   [32m                  [0;39m LiveReload server is running on port 35729
2022-06-10 11:44:22.988 INFO  org.apache.coyote.http11.Http11NioProtocol        :173  [32m                  [0;39m Starting ProtocolHandler ["http-nio-8088"]
2022-06-10 11:44:23.004 INFO  o.s.boot.web.embedded.tomcat.TomcatWebServer      :220  [32m                  [0;39m Tomcat started on port(s): 8088 (http) with context path ''
2022-06-10 11:44:23.004 INFO  com.newdemoone.demoone.config.DemonApplication    :61   [32m                  [0;39m Started DemonApplication in 1.451 seconds (JVM running for 2.015)
2022-06-10 11:44:23.021 INFO  com.newdemoone.demoone.config.DemonApplication    :24   [32m                  [0;39m 启动成功！！
2022-06-10 11:44:23.021 INFO  com.newdemoone.demoone.config.DemonApplication    :25   [32m                  [0;39m 地址：	https://127.0.0:8088
2022-06-10 11:45:03.399 INFO  o.a.c.core.ContainerBase.[Tomcat].[localhost].[/] :173  [32m                  [0;39m Initializing Spring DispatcherServlet 'dispatcherServlet'
2022-06-10 11:45:03.400 INFO  org.springframework.web.servlet.DispatcherServlet :525  [32m                  [0;39m Initializing Servlet 'dispatcherServlet'
2022-06-10 11:45:03.400 INFO  org.springframework.web.servlet.DispatcherServlet :547  [32m                  [0;39m Completed initialization in 0 ms
2022-06-10 11:45:03.433 INFO  com.zaxxer.hikari.HikariDataSource                :110  [32m                  [0;39m HikariPool-1 - Starting...
2022-06-10 11:45:03.593 INFO  com.zaxxer.hikari.HikariDataSource                :123  [32m                  [0;39m HikariPool-1 - Start completed.
2022-06-10 11:46:59.093 INFO  com.zaxxer.hikari.HikariDataSource                :350  [32m                  [0;39m HikariPool-1 - Shutdown initiated...
2022-06-10 11:46:59.101 INFO  com.zaxxer.hikari.HikariDataSource                :352  [32m                  [0;39m HikariPool-1 - Shutdown completed.
2022-06-10 11:49:17.916 INFO  com.newdemoone.demoone.config.DemonApplication    :55   [32m                  [0;39m Starting DemonApplication using Java 1.8.0_311 on 戴朝明 with PID 676 (D:\demoone\target\classes started by xmcb0 in D:\demoone)
2022-06-10 11:49:17.917 INFO  com.newdemoone.demoone.config.DemonApplication    :640  [32m                  [0;39m No active profile set, falling back to 1 default profile: "default"
2022-06-10 11:49:17.940 INFO  o.s.b.d.env.DevToolsPropertyDefaultsPostProcessor :255  [32m                  [0;39m Devtools property defaults active! Set 'spring.devtools.add-properties' to 'false' to disable
2022-06-10 11:49:17.940 INFO  o.s.b.d.env.DevToolsPropertyDefaultsPostProcessor :255  [32m                  [0;39m For additional web related logging consider setting the 'logging.level.web' property to 'DEBUG'
2022-06-10 11:49:18.553 INFO  o.s.boot.web.embedded.tomcat.TomcatWebServer      :108  [32m                  [0;39m Tomcat initialized with port(s): 8088 (http)
2022-06-10 11:49:18.553 INFO  org.apache.coyote.http11.Http11NioProtocol        :173  [32m                  [0;39m Initializing ProtocolHandler ["http-nio-8088"]
2022-06-10 11:49:18.553 INFO  org.apache.catalina.core.StandardService          :173  [32m                  [0;39m Starting service [Tomcat]
2022-06-10 11:49:18.553 INFO  org.apache.catalina.core.StandardEngine           :173  [32m                  [0;39m Starting Servlet engine: [Apache Tomcat/9.0.62]
2022-06-10 11:49:18.584 INFO  o.a.c.core.ContainerBase.[Tomcat].[localhost].[/] :173  [32m                  [0;39m Initializing Spring embedded WebApplicationContext
2022-06-10 11:49:18.584 INFO  o.s.b.w.s.c.ServletWebServerApplicationContext    :290  [32m                  [0;39m Root WebApplicationContext: initialization completed in 644 ms
2022-06-10 11:49:18.920 INFO  o.s.b.d.autoconfigure.OptionalLiveReloadServer    :58   [32m                  [0;39m LiveReload server is running on port 35729
2022-06-10 11:49:18.935 INFO  org.apache.coyote.http11.Http11NioProtocol        :173  [32m                  [0;39m Starting ProtocolHandler ["http-nio-8088"]
2022-06-10 11:49:18.935 INFO  o.s.boot.web.embedded.tomcat.TomcatWebServer      :220  [32m                  [0;39m Tomcat started on port(s): 8088 (http) with context path ''
2022-06-10 11:49:18.953 INFO  com.newdemoone.demoone.config.DemonApplication    :61   [32m                  [0;39m Started DemonApplication in 1.294 seconds (JVM running for 1.754)
2022-06-10 11:49:18.953 INFO  com.newdemoone.demoone.config.DemonApplication    :24   [32m                  [0;39m 启动成功！！
2022-06-10 11:49:18.953 INFO  com.newdemoone.demoone.config.DemonApplication    :25   [32m                  [0;39m 地址：	https://127.0.0:8088
2022-06-10 11:49:22.102 INFO  o.a.c.core.ContainerBase.[Tomcat].[localhost].[/] :173  [32m                  [0;39m Initializing Spring DispatcherServlet 'dispatcherServlet'
2022-06-10 11:49:22.102 INFO  org.springframework.web.servlet.DispatcherServlet :525  [32m                  [0;39m Initializing Servlet 'dispatcherServlet'
2022-06-10 11:49:22.103 INFO  org.springframework.web.servlet.DispatcherServlet :547  [32m                  [0;39m Completed initialization in 1 ms
2022-06-10 11:49:22.121 INFO  com.zaxxer.hikari.HikariDataSource                :110  [32m                  [0;39m HikariPool-1 - Starting...
2022-06-10 11:49:22.347 INFO  com.zaxxer.hikari.HikariDataSource                :123  [32m                  [0;39m HikariPool-1 - Start completed.
2022-06-10 11:50:15.814 INFO  com.zaxxer.hikari.HikariDataSource                :350  [32m                  [0;39m HikariPool-1 - Shutdown initiated...
2022-06-10 11:50:15.819 INFO  com.zaxxer.hikari.HikariDataSource                :352  [32m                  [0;39m HikariPool-1 - Shutdown completed.
2022-06-10 13:58:27.957 INFO  com.newdemoone.demoone.config.DemonApplication    :55   [32m                  [0;39m Starting DemonApplication using Java 1.8.0_311 on 戴朝明 with PID 5680 (D:\demoone\target\classes started by xmcb0 in D:\demoone)
2022-06-10 13:58:27.958 INFO  com.newdemoone.demoone.config.DemonApplication    :640  [32m                  [0;39m No active profile set, falling back to 1 default profile: "default"
2022-06-10 13:58:28.002 INFO  o.s.b.d.env.DevToolsPropertyDefaultsPostProcessor :255  [32m                  [0;39m Devtools property defaults active! Set 'spring.devtools.add-properties' to 'false' to disable
2022-06-10 13:58:28.002 INFO  o.s.b.d.env.DevToolsPropertyDefaultsPostProcessor :255  [32m                  [0;39m For additional web related logging consider setting the 'logging.level.web' property to 'DEBUG'
2022-06-10 13:58:28.653 INFO  o.s.boot.web.embedded.tomcat.TomcatWebServer      :108  [32m                  [0;39m Tomcat initialized with port(s): 8088 (http)
2022-06-10 13:58:28.658 INFO  org.apache.coyote.http11.Http11NioProtocol        :173  [32m                  [0;39m Initializing ProtocolHandler ["http-nio-8088"]
2022-06-10 13:58:28.658 INFO  org.apache.catalina.core.StandardService          :173  [32m                  [0;39m Starting service [Tomcat]
2022-06-10 13:58:28.658 INFO  org.apache.catalina.core.StandardEngine           :173  [32m                  [0;39m Starting Servlet engine: [Apache Tomcat/9.0.62]
2022-06-10 13:58:28.698 INFO  o.a.c.core.ContainerBase.[Tomcat].[localhost].[/] :173  [32m                  [0;39m Initializing Spring embedded WebApplicationContext
2022-06-10 13:58:28.699 INFO  o.s.b.w.s.c.ServletWebServerApplicationContext    :290  [32m                  [0;39m Root WebApplicationContext: initialization completed in 696 ms
2022-06-10 13:58:29.046 INFO  o.s.b.d.autoconfigure.OptionalLiveReloadServer    :58   [32m                  [0;39m LiveReload server is running on port 35729
2022-06-10 13:58:29.055 INFO  org.apache.coyote.http11.Http11NioProtocol        :173  [32m                  [0;39m Starting ProtocolHandler ["http-nio-8088"]
2022-06-10 13:58:29.064 INFO  o.s.boot.web.embedded.tomcat.TomcatWebServer      :220  [32m                  [0;39m Tomcat started on port(s): 8088 (http) with context path ''
2022-06-10 13:58:29.070 INFO  com.newdemoone.demoone.config.DemonApplication    :61   [32m                  [0;39m Started DemonApplication in 1.471 seconds (JVM running for 1.941)
2022-06-10 13:58:29.072 INFO  com.newdemoone.demoone.config.DemonApplication    :24   [32m                  [0;39m 启动成功！！
2022-06-10 13:58:29.072 INFO  com.newdemoone.demoone.config.DemonApplication    :25   [32m                  [0;39m 地址：	https://127.0.0:8088
2022-06-10 13:58:36.398 INFO  o.a.c.core.ContainerBase.[Tomcat].[localhost].[/] :173  [32m                  [0;39m Initializing Spring DispatcherServlet 'dispatcherServlet'
2022-06-10 13:58:36.398 INFO  org.springframework.web.servlet.DispatcherServlet :525  [32m                  [0;39m Initializing Servlet 'dispatcherServlet'
2022-06-10 13:58:36.399 INFO  org.springframework.web.servlet.DispatcherServlet :547  [32m                  [0;39m Completed initialization in 1 ms
2022-06-10 13:58:36.424 INFO  com.zaxxer.hikari.HikariDataSource                :110  [32m                  [0;39m HikariPool-1 - Starting...
2022-06-10 13:58:36.579 INFO  com.zaxxer.hikari.HikariDataSource                :123  [32m                  [0;39m HikariPool-1 - Start completed.
2022-06-10 14:03:30.254 INFO  com.zaxxer.hikari.HikariDataSource                :350  [32m                  [0;39m HikariPool-1 - Shutdown initiated...
2022-06-10 14:03:30.259 INFO  com.zaxxer.hikari.HikariDataSource                :352  [32m                  [0;39m HikariPool-1 - Shutdown completed.
2022-06-10 14:26:09.844 INFO  com.newdemoone.demoone.config.DemonApplication    :55   [32m                  [0;39m Starting DemonApplication using Java 1.8.0_311 on 戴朝明 with PID 8752 (D:\demoone\target\classes started by xmcb0 in D:\demoone)
2022-06-10 14:26:09.845 INFO  com.newdemoone.demoone.config.DemonApplication    :640  [32m                  [0;39m No active profile set, falling back to 1 default profile: "default"
2022-06-10 14:26:09.876 INFO  o.s.b.d.env.DevToolsPropertyDefaultsPostProcessor :255  [32m                  [0;39m Devtools property defaults active! Set 'spring.devtools.add-properties' to 'false' to disable
2022-06-10 14:26:09.877 INFO  o.s.b.d.env.DevToolsPropertyDefaultsPostProcessor :255  [32m                  [0;39m For additional web related logging consider setting the 'logging.level.web' property to 'DEBUG'
2022-06-10 14:26:10.451 INFO  o.s.boot.web.embedded.tomcat.TomcatWebServer      :108  [32m                  [0;39m Tomcat initialized with port(s): 8088 (http)
2022-06-10 14:26:10.456 INFO  org.apache.coyote.http11.Http11NioProtocol        :173  [32m                  [0;39m Initializing ProtocolHandler ["http-nio-8088"]
2022-06-10 14:26:10.456 INFO  org.apache.catalina.core.StandardService          :173  [32m                  [0;39m Starting service [Tomcat]
2022-06-10 14:26:10.456 INFO  org.apache.catalina.core.StandardEngine           :173  [32m                  [0;39m Starting Servlet engine: [Apache Tomcat/9.0.62]
2022-06-10 14:26:10.491 INFO  o.a.c.core.ContainerBase.[Tomcat].[localhost].[/] :173  [32m                  [0;39m Initializing Spring embedded WebApplicationContext
2022-06-10 14:26:10.491 INFO  o.s.b.w.s.c.ServletWebServerApplicationContext    :290  [32m                  [0;39m Root WebApplicationContext: initialization completed in 614 ms
2022-06-10 14:26:10.821 INFO  o.s.b.d.autoconfigure.OptionalLiveReloadServer    :58   [32m                  [0;39m LiveReload server is running on port 35729
2022-06-10 14:26:10.830 INFO  org.apache.coyote.http11.Http11NioProtocol        :173  [32m                  [0;39m Starting ProtocolHandler ["http-nio-8088"]
2022-06-10 14:26:10.838 INFO  o.s.boot.web.embedded.tomcat.TomcatWebServer      :220  [32m                  [0;39m Tomcat started on port(s): 8088 (http) with context path ''
2022-06-10 14:26:10.845 INFO  com.newdemoone.demoone.config.DemonApplication    :61   [32m                  [0;39m Started DemonApplication in 1.247 seconds (JVM running for 1.701)
2022-06-10 14:26:10.846 INFO  com.newdemoone.demoone.config.DemonApplication    :24   [32m                  [0;39m 启动成功！！
2022-06-10 14:26:10.847 INFO  com.newdemoone.demoone.config.DemonApplication    :25   [32m                  [0;39m 地址：	https://127.0.0:8088
2022-06-10 14:26:13.790 INFO  o.a.c.core.ContainerBase.[Tomcat].[localhost].[/] :173  [32m                  [0;39m Initializing Spring DispatcherServlet 'dispatcherServlet'
2022-06-10 14:26:13.790 INFO  org.springframework.web.servlet.DispatcherServlet :525  [32m                  [0;39m Initializing Servlet 'dispatcherServlet'
2022-06-10 14:26:13.791 INFO  org.springframework.web.servlet.DispatcherServlet :547  [32m                  [0;39m Completed initialization in 1 ms
2022-06-10 14:26:13.835 INFO  com.zaxxer.hikari.HikariDataSource                :110  [32m                  [0;39m HikariPool-1 - Starting...
2022-06-10 14:26:14.061 INFO  com.zaxxer.hikari.HikariDataSource                :123  [32m                  [0;39m HikariPool-1 - Start completed.
2022-06-10 14:58:20.301 INFO  com.zaxxer.hikari.HikariDataSource                :350  [32m                  [0;39m HikariPool-1 - Shutdown initiated...
2022-06-10 14:58:20.304 INFO  com.zaxxer.hikari.HikariDataSource                :352  [32m                  [0;39m HikariPool-1 - Shutdown completed.
2022-06-10 14:58:20.410 INFO  com.newdemoone.demoone.config.DemonApplication    :55   [32m                  [0;39m Starting DemonApplication using Java 1.8.0_311 on 戴朝明 with PID 8752 (D:\demoone\target\classes started by xmcb0 in D:\demoone)
2022-06-10 14:58:20.411 INFO  com.newdemoone.demoone.config.DemonApplication    :640  [32m                  [0;39m No active profile set, falling back to 1 default profile: "default"
2022-06-10 14:58:20.533 INFO  o.s.boot.web.embedded.tomcat.TomcatWebServer      :108  [32m                  [0;39m Tomcat initialized with port(s): 8088 (http)
2022-06-10 14:58:20.534 INFO  org.apache.coyote.http11.Http11NioProtocol        :173  [32m                  [0;39m Initializing ProtocolHandler ["http-nio-8088"]
2022-06-10 14:58:20.534 INFO  org.apache.catalina.core.StandardService          :173  [32m                  [0;39m Starting service [Tomcat]
2022-06-10 14:58:20.534 INFO  org.apache.catalina.core.StandardEngine           :173  [32m                  [0;39m Starting Servlet engine: [Apache Tomcat/9.0.62]
2022-06-10 14:58:20.540 INFO  o.a.c.core.ContainerBase.[Tomcat].[localhost].[/] :173  [32m                  [0;39m Initializing Spring embedded WebApplicationContext
2022-06-10 14:58:20.541 INFO  o.s.b.w.s.c.ServletWebServerApplicationContext    :290  [32m                  [0;39m Root WebApplicationContext: initialization completed in 128 ms
2022-06-10 14:58:20.630 INFO  o.s.b.d.autoconfigure.OptionalLiveReloadServer    :58   [32m                  [0;39m LiveReload server is running on port 35729
2022-06-10 14:58:20.636 INFO  org.apache.coyote.http11.Http11NioProtocol        :173  [32m                  [0;39m Starting ProtocolHandler ["http-nio-8088"]
2022-06-10 14:58:20.637 INFO  o.s.boot.web.embedded.tomcat.TomcatWebServer      :220  [32m                  [0;39m Tomcat started on port(s): 8088 (http) with context path ''
2022-06-10 14:58:20.640 INFO  com.newdemoone.demoone.config.DemonApplication    :61   [32m                  [0;39m Started DemonApplication in 0.249 seconds (JVM running for 1931.497)
2022-06-10 14:58:20.641 INFO  o.s.b.d.a.ConditionEvaluationDeltaLoggingListener :63   [32m                  [0;39m Condition evaluation unchanged
2022-06-10 14:58:20.642 INFO  com.newdemoone.demoone.config.DemonApplication    :24   [32m                  [0;39m 启动成功！！
2022-06-10 14:58:20.642 INFO  com.newdemoone.demoone.config.DemonApplication    :25   [32m                  [0;39m 地址：	https://127.0.0:8088
2022-06-10 14:58:27.510 INFO  o.a.c.core.ContainerBase.[Tomcat].[localhost].[/] :173  [32m                  [0;39m Initializing Spring DispatcherServlet 'dispatcherServlet'
2022-06-10 14:58:27.512 INFO  org.springframework.web.servlet.DispatcherServlet :525  [32m                  [0;39m Initializing Servlet 'dispatcherServlet'
2022-06-10 14:58:27.512 INFO  org.springframework.web.servlet.DispatcherServlet :547  [32m                  [0;39m Completed initialization in 0 ms
2022-06-10 14:58:27.522 INFO  com.zaxxer.hikari.HikariDataSource                :110  [32m                  [0;39m HikariPool-2 - Starting...
2022-06-10 14:58:27.606 INFO  com.zaxxer.hikari.HikariDataSource                :123  [32m                  [0;39m HikariPool-2 - Start completed.
2022-06-10 15:00:49.546 INFO  com.zaxxer.hikari.HikariDataSource                :350  [32m                  [0;39m HikariPool-2 - Shutdown initiated...
2022-06-10 15:00:49.549 INFO  com.zaxxer.hikari.HikariDataSource                :352  [32m                  [0;39m HikariPool-2 - Shutdown completed.
2022-06-10 15:00:49.640 INFO  com.newdemoone.demoone.config.DemonApplication    :55   [32m                  [0;39m Starting DemonApplication using Java 1.8.0_311 on 戴朝明 with PID 8752 (D:\demoone\target\classes started by xmcb0 in D:\demoone)
2022-06-10 15:00:49.640 INFO  com.newdemoone.demoone.config.DemonApplication    :640  [32m                  [0;39m No active profile set, falling back to 1 default profile: "default"
2022-06-10 15:00:49.755 INFO  o.s.boot.web.embedded.tomcat.TomcatWebServer      :108  [32m                  [0;39m Tomcat initialized with port(s): 8088 (http)
2022-06-10 15:00:49.756 INFO  org.apache.coyote.http11.Http11NioProtocol        :173  [32m                  [0;39m Initializing ProtocolHandler ["http-nio-8088"]
2022-06-10 15:00:49.756 INFO  org.apache.catalina.core.StandardService          :173  [32m                  [0;39m Starting service [Tomcat]
2022-06-10 15:00:49.756 INFO  org.apache.catalina.core.StandardEngine           :173  [32m                  [0;39m Starting Servlet engine: [Apache Tomcat/9.0.62]
2022-06-10 15:00:49.765 INFO  o.a.c.core.ContainerBase.[Tomcat].[localhost].[/] :173  [32m                  [0;39m Initializing Spring embedded WebApplicationContext
2022-06-10 15:00:49.765 INFO  o.s.b.w.s.c.ServletWebServerApplicationContext    :290  [32m                  [0;39m Root WebApplicationContext: initialization completed in 123 ms
2022-06-10 15:00:49.852 INFO  o.s.b.d.autoconfigure.OptionalLiveReloadServer    :58   [32m                  [0;39m LiveReload server is running on port 35729
2022-06-10 15:00:49.856 INFO  org.apache.coyote.http11.Http11NioProtocol        :173  [32m                  [0;39m Starting ProtocolHandler ["http-nio-8088"]
2022-06-10 15:00:49.857 INFO  o.s.boot.web.embedded.tomcat.TomcatWebServer      :220  [32m                  [0;39m Tomcat started on port(s): 8088 (http) with context path ''
2022-06-10 15:00:49.859 INFO  com.newdemoone.demoone.config.DemonApplication    :61   [32m                  [0;39m Started DemonApplication in 0.234 seconds (JVM running for 2080.716)
2022-06-10 15:00:49.860 INFO  o.s.b.d.a.ConditionEvaluationDeltaLoggingListener :63   [32m                  [0;39m Condition evaluation unchanged
2022-06-10 15:00:49.861 INFO  com.newdemoone.demoone.config.DemonApplication    :24   [32m                  [0;39m 启动成功！！
2022-06-10 15:00:49.861 INFO  com.newdemoone.demoone.config.DemonApplication    :25   [32m                  [0;39m 地址：	https://127.0.0:8088
2022-06-10 15:00:55.296 INFO  o.a.c.core.ContainerBase.[Tomcat].[localhost].[/] :173  [32m                  [0;39m Initializing Spring DispatcherServlet 'dispatcherServlet'
2022-06-10 15:00:55.298 INFO  org.springframework.web.servlet.DispatcherServlet :525  [32m                  [0;39m Initializing Servlet 'dispatcherServlet'
2022-06-10 15:00:55.299 INFO  org.springframework.web.servlet.DispatcherServlet :547  [32m                  [0;39m Completed initialization in 1 ms
2022-06-10 15:00:55.307 INFO  com.zaxxer.hikari.HikariDataSource                :110  [32m                  [0;39m HikariPool-3 - Starting...
2022-06-10 15:00:55.420 INFO  com.zaxxer.hikari.HikariDataSource                :123  [32m                  [0;39m HikariPool-3 - Start completed.
2022-06-10 15:01:21.725 INFO  com.zaxxer.hikari.HikariDataSource                :350  [32m                  [0;39m HikariPool-3 - Shutdown initiated...
2022-06-10 15:01:21.728 INFO  com.zaxxer.hikari.HikariDataSource                :352  [32m                  [0;39m HikariPool-3 - Shutdown completed.
2022-06-10 15:01:21.809 INFO  com.newdemoone.demoone.config.DemonApplication    :55   [32m                  [0;39m Starting DemonApplication using Java 1.8.0_311 on 戴朝明 with PID 8752 (D:\demoone\target\classes started by xmcb0 in D:\demoone)
2022-06-10 15:01:21.809 INFO  com.newdemoone.demoone.config.DemonApplication    :640  [32m                  [0;39m No active profile set, falling back to 1 default profile: "default"
2022-06-10 15:01:21.905 INFO  o.s.boot.web.embedded.tomcat.TomcatWebServer      :108  [32m                  [0;39m Tomcat initialized with port(s): 8088 (http)
2022-06-10 15:01:21.905 INFO  org.apache.coyote.http11.Http11NioProtocol        :173  [32m                  [0;39m Initializing ProtocolHandler ["http-nio-8088"]
2022-06-10 15:01:21.905 INFO  org.apache.catalina.core.StandardService          :173  [32m                  [0;39m Starting service [Tomcat]
2022-06-10 15:01:21.905 INFO  org.apache.catalina.core.StandardEngine           :173  [32m                  [0;39m Starting Servlet engine: [Apache Tomcat/9.0.62]
2022-06-10 15:01:21.905 INFO  o.a.c.core.ContainerBase.[Tomcat].[localhost].[/] :173  [32m                  [0;39m Initializing Spring embedded WebApplicationContext
2022-06-10 15:01:21.905 INFO  o.s.b.w.s.c.ServletWebServerApplicationContext    :290  [32m                  [0;39m Root WebApplicationContext: initialization completed in 96 ms
2022-06-10 15:01:21.984 INFO  o.s.b.d.autoconfigure.OptionalLiveReloadServer    :58   [32m                  [0;39m LiveReload server is running on port 35729
2022-06-10 15:01:21.988 INFO  org.apache.coyote.http11.Http11NioProtocol        :173  [32m                  [0;39m Starting ProtocolHandler ["http-nio-8088"]
2022-06-10 15:01:21.989 INFO  o.s.boot.web.embedded.tomcat.TomcatWebServer      :220  [32m                  [0;39m Tomcat started on port(s): 8088 (http) with context path ''
2022-06-10 15:01:21.991 INFO  com.newdemoone.demoone.config.DemonApplication    :61   [32m                  [0;39m Started DemonApplication in 0.192 seconds (JVM running for 2112.848)
2022-06-10 15:01:21.993 INFO  o.s.b.d.a.ConditionEvaluationDeltaLoggingListener :63   [32m                  [0;39m Condition evaluation unchanged
2022-06-10 15:01:21.993 INFO  com.newdemoone.demoone.config.DemonApplication    :24   [32m                  [0;39m 启动成功！！
2022-06-10 15:01:21.993 INFO  com.newdemoone.demoone.config.DemonApplication    :25   [32m                  [0;39m 地址：	https://127.0.0:8088
2022-06-10 15:01:35.760 INFO  o.a.c.core.ContainerBase.[Tomcat].[localhost].[/] :173  [32m                  [0;39m Initializing Spring DispatcherServlet 'dispatcherServlet'
2022-06-10 15:01:35.761 INFO  org.springframework.web.servlet.DispatcherServlet :525  [32m                  [0;39m Initializing Servlet 'dispatcherServlet'
2022-06-10 15:01:35.762 INFO  org.springframework.web.servlet.DispatcherServlet :547  [32m                  [0;39m Completed initialization in 1 ms
2022-06-10 15:01:35.768 INFO  com.zaxxer.hikari.HikariDataSource                :110  [32m                  [0;39m HikariPool-4 - Starting...
2022-06-10 15:01:35.891 INFO  com.zaxxer.hikari.HikariDataSource                :123  [32m                  [0;39m HikariPool-4 - Start completed.
2022-06-10 15:07:00.338 INFO  com.zaxxer.hikari.HikariDataSource                :350  [32m                  [0;39m HikariPool-4 - Shutdown initiated...
2022-06-10 15:07:00.340 INFO  com.zaxxer.hikari.HikariDataSource                :352  [32m                  [0;39m HikariPool-4 - Shutdown completed.
2022-06-10 15:07:00.418 INFO  com.newdemoone.demoone.config.DemonApplication    :55   [32m                  [0;39m Starting DemonApplication using Java 1.8.0_311 on 戴朝明 with PID 8752 (D:\demoone\target\classes started by xmcb0 in D:\demoone)
2022-06-10 15:07:00.418 INFO  com.newdemoone.demoone.config.DemonApplication    :640  [32m                  [0;39m No active profile set, falling back to 1 default profile: "default"
2022-06-10 15:07:00.525 INFO  o.s.boot.web.embedded.tomcat.TomcatWebServer      :108  [32m                  [0;39m Tomcat initialized with port(s): 8088 (http)
2022-06-10 15:07:00.525 INFO  org.apache.coyote.http11.Http11NioProtocol        :173  [32m                  [0;39m Initializing ProtocolHandler ["http-nio-8088"]
2022-06-10 15:07:00.525 INFO  org.apache.catalina.core.StandardService          :173  [32m                  [0;39m Starting service [Tomcat]
2022-06-10 15:07:00.525 INFO  org.apache.catalina.core.StandardEngine           :173  [32m                  [0;39m Starting Servlet engine: [Apache Tomcat/9.0.62]
2022-06-10 15:07:00.531 INFO  o.a.c.core.ContainerBase.[Tomcat].[localhost].[/] :173  [32m                  [0;39m Initializing Spring embedded WebApplicationContext
2022-06-10 15:07:00.531 INFO  o.s.b.w.s.c.ServletWebServerApplicationContext    :290  [32m                  [0;39m Root WebApplicationContext: initialization completed in 112 ms
2022-06-10 15:07:00.597 INFO  o.s.b.d.autoconfigure.OptionalLiveReloadServer    :58   [32m                  [0;39m LiveReload server is running on port 35729
2022-06-10 15:07:00.601 INFO  org.apache.coyote.http11.Http11NioProtocol        :173  [32m                  [0;39m Starting ProtocolHandler ["http-nio-8088"]
2022-06-10 15:07:00.602 INFO  o.s.boot.web.embedded.tomcat.TomcatWebServer      :220  [32m                  [0;39m Tomcat started on port(s): 8088 (http) with context path ''
2022-06-10 15:07:00.605 INFO  com.newdemoone.demoone.config.DemonApplication    :61   [32m                  [0;39m Started DemonApplication in 0.202 seconds (JVM running for 2451.462)
2022-06-10 15:07:00.606 INFO  o.s.b.d.a.ConditionEvaluationDeltaLoggingListener :63   [32m                  [0;39m Condition evaluation unchanged
2022-06-10 15:07:00.606 INFO  com.newdemoone.demoone.config.DemonApplication    :24   [32m                  [0;39m 启动成功！！
2022-06-10 15:07:00.606 INFO  com.newdemoone.demoone.config.DemonApplication    :25   [32m                  [0;39m 地址：	https://127.0.0:8088
2022-06-10 15:07:14.028 INFO  o.a.c.core.ContainerBase.[Tomcat].[localhost].[/] :173  [32m                  [0;39m Initializing Spring DispatcherServlet 'dispatcherServlet'
2022-06-10 15:07:14.029 INFO  org.springframework.web.servlet.DispatcherServlet :525  [32m                  [0;39m Initializing Servlet 'dispatcherServlet'
2022-06-10 15:07:14.031 INFO  org.springframework.web.servlet.DispatcherServlet :547  [32m                  [0;39m Completed initialization in 2 ms
2022-06-10 15:07:14.038 INFO  com.zaxxer.hikari.HikariDataSource                :110  [32m                  [0;39m HikariPool-5 - Starting...
2022-06-10 15:07:14.195 INFO  com.zaxxer.hikari.HikariDataSource                :123  [32m                  [0;39m HikariPool-5 - Start completed.
2022-06-10 15:08:14.184 INFO  com.zaxxer.hikari.HikariDataSource                :350  [32m                  [0;39m HikariPool-5 - Shutdown initiated...
2022-06-10 15:08:14.187 INFO  com.zaxxer.hikari.HikariDataSource                :352  [32m                  [0;39m HikariPool-5 - Shutdown completed.
2022-06-10 15:08:14.254 INFO  com.newdemoone.demoone.config.DemonApplication    :55   [32m                  [0;39m Starting DemonApplication using Java 1.8.0_311 on 戴朝明 with PID 8752 (D:\demoone\target\classes started by xmcb0 in D:\demoone)
2022-06-10 15:08:14.254 INFO  com.newdemoone.demoone.config.DemonApplication    :640  [32m                  [0;39m No active profile set, falling back to 1 default profile: "default"
2022-06-10 15:08:14.355 INFO  o.s.boot.web.embedded.tomcat.TomcatWebServer      :108  [32m                  [0;39m Tomcat initialized with port(s): 8088 (http)
2022-06-10 15:08:14.356 INFO  org.apache.coyote.http11.Http11NioProtocol        :173  [32m                  [0;39m Initializing ProtocolHandler ["http-nio-8088"]
2022-06-10 15:08:14.356 INFO  org.apache.catalina.core.StandardService          :173  [32m                  [0;39m Starting service [Tomcat]
2022-06-10 15:08:14.356 INFO  org.apache.catalina.core.StandardEngine           :173  [32m                  [0;39m Starting Servlet engine: [Apache Tomcat/9.0.62]
2022-06-10 15:08:14.361 INFO  o.a.c.core.ContainerBase.[Tomcat].[localhost].[/] :173  [32m                  [0;39m Initializing Spring embedded WebApplicationContext
2022-06-10 15:08:14.361 INFO  o.s.b.w.s.c.ServletWebServerApplicationContext    :290  [32m                  [0;39m Root WebApplicationContext: initialization completed in 105 ms
2022-06-10 15:08:14.436 INFO  o.s.b.d.autoconfigure.OptionalLiveReloadServer    :58   [32m                  [0;39m LiveReload server is running on port 35729
2022-06-10 15:08:14.441 INFO  org.apache.coyote.http11.Http11NioProtocol        :173  [32m                  [0;39m Starting ProtocolHandler ["http-nio-8088"]
2022-06-10 15:08:14.442 INFO  o.s.boot.web.embedded.tomcat.TomcatWebServer      :220  [32m                  [0;39m Tomcat started on port(s): 8088 (http) with context path ''
2022-06-10 15:08:14.446 INFO  com.newdemoone.demoone.config.DemonApplication    :61   [32m                  [0;39m Started DemonApplication in 0.207 seconds (JVM running for 2525.303)
2022-06-10 15:08:14.447 INFO  o.s.b.d.a.ConditionEvaluationDeltaLoggingListener :63   [32m                  [0;39m Condition evaluation unchanged
2022-06-10 15:08:14.448 INFO  com.newdemoone.demoone.config.DemonApplication    :24   [32m                  [0;39m 启动成功！！
2022-06-10 15:08:14.448 INFO  com.newdemoone.demoone.config.DemonApplication    :25   [32m                  [0;39m 地址：	https://127.0.0:8088
2022-06-10 15:08:16.036 INFO  com.newdemoone.demoone.config.DemonApplication    :55   [32m                  [0;39m Starting DemonApplication using Java 1.8.0_311 on 戴朝明 with PID 8752 (D:\demoone\target\classes started by xmcb0 in D:\demoone)
2022-06-10 15:08:16.036 INFO  com.newdemoone.demoone.config.DemonApplication    :640  [32m                  [0;39m No active profile set, falling back to 1 default profile: "default"
2022-06-10 15:08:16.119 INFO  o.s.boot.web.embedded.tomcat.TomcatWebServer      :108  [32m                  [0;39m Tomcat initialized with port(s): 8088 (http)
2022-06-10 15:08:16.119 INFO  org.apache.coyote.http11.Http11NioProtocol        :173  [32m                  [0;39m Initializing ProtocolHandler ["http-nio-8088"]
2022-06-10 15:08:16.119 INFO  org.apache.catalina.core.StandardService          :173  [32m                  [0;39m Starting service [Tomcat]
2022-06-10 15:08:16.119 INFO  org.apache.catalina.core.StandardEngine           :173  [32m                  [0;39m Starting Servlet engine: [Apache Tomcat/9.0.62]
2022-06-10 15:08:16.125 INFO  o.a.c.core.ContainerBase.[Tomcat].[localhost].[/] :173  [32m                  [0;39m Initializing Spring embedded WebApplicationContext
2022-06-10 15:08:16.126 INFO  o.s.b.w.s.c.ServletWebServerApplicationContext    :290  [32m                  [0;39m Root WebApplicationContext: initialization completed in 89 ms
2022-06-10 15:08:16.186 INFO  o.s.b.d.autoconfigure.OptionalLiveReloadServer    :58   [32m                  [0;39m LiveReload server is running on port 35729
2022-06-10 15:08:16.189 INFO  org.apache.coyote.http11.Http11NioProtocol        :173  [32m                  [0;39m Starting ProtocolHandler ["http-nio-8088"]
2022-06-10 15:08:16.190 INFO  o.s.boot.web.embedded.tomcat.TomcatWebServer      :220  [32m                  [0;39m Tomcat started on port(s): 8088 (http) with context path ''
2022-06-10 15:08:16.192 INFO  com.newdemoone.demoone.config.DemonApplication    :61   [32m                  [0;39m Started DemonApplication in 0.17 seconds (JVM running for 2527.049)
2022-06-10 15:08:16.193 INFO  o.s.b.d.a.ConditionEvaluationDeltaLoggingListener :63   [32m                  [0;39m Condition evaluation unchanged
2022-06-10 15:08:16.193 INFO  com.newdemoone.demoone.config.DemonApplication    :24   [32m                  [0;39m 启动成功！！
2022-06-10 15:08:16.193 INFO  com.newdemoone.demoone.config.DemonApplication    :25   [32m                  [0;39m 地址：	https://127.0.0:8088
2022-06-10 15:08:24.005 INFO  o.a.c.core.ContainerBase.[Tomcat].[localhost].[/] :173  [32m                  [0;39m Initializing Spring DispatcherServlet 'dispatcherServlet'
2022-06-10 15:08:24.005 INFO  org.springframework.web.servlet.DispatcherServlet :525  [32m                  [0;39m Initializing Servlet 'dispatcherServlet'
2022-06-10 15:08:24.006 INFO  org.springframework.web.servlet.DispatcherServlet :547  [32m                  [0;39m Completed initialization in 1 ms
2022-06-10 15:08:24.011 INFO  com.zaxxer.hikari.HikariDataSource                :110  [32m                  [0;39m HikariPool-6 - Starting...
2022-06-10 15:08:24.134 INFO  com.zaxxer.hikari.HikariDataSource                :123  [32m                  [0;39m HikariPool-6 - Start completed.
2022-06-10 15:48:10.637 INFO  com.zaxxer.hikari.HikariDataSource                :350  [32m                  [0;39m HikariPool-6 - Shutdown initiated...
2022-06-10 15:48:10.639 INFO  com.zaxxer.hikari.HikariDataSource                :352  [32m                  [0;39m HikariPool-6 - Shutdown completed.
